<?xml version="1.0" encoding="UTF-8"?>
<!-- Generated by org.testng.reporters.JUnitXMLReporter -->
<testsuite ignored="0" hostname="DESKTOP-150RU6Q" failures="1" tests="6" name="TestCaseszRunner" time="184.774" errors="0" timestamp="2022-02-26T22:12:40 IST">
  <testcase classname="TestPackage.testCase1" name="verifyCountSlider" time="15.982">
    <failure type="java.lang.AssertionError" message="Both result not match. expected [3] but found [0]">
      <![CDATA[java.lang.AssertionError: Both result not match. expected [3] but found [0]
at TestPackage.testCase1.verifyCountSlider(testCase1.java:50)
at java.base/java.util.ArrayList.forEach(ArrayList.java:1511)
... Removed 32 stack frames]]>
    </failure>
  </testcase> <!-- verifyCountSlider -->
  <testcase classname="TestPackage.testCase2" name="VerifyArrivals" time="8.711"/>
  <testcase classname="TestPackage.testCase3" name="VerifyCurrectSelectionOfArrivals" time="10.098"/>
  <testcase classname="TestPackage.testCase3" name="verifyNavigateTOCorrectArrival" time="10.263"/>
  <testcase classname="TestPackage.testCase4" name="VerifyDescriptionOfBook" time="7.307"/>
  <testcase classname="TestPackage.testCase5" name="verifyAddToKartBook" time="8.685"/>
</testsuite> <!-- TestCaseszRunner -->
